c:\users\chris\documents\visual studio 2017\projects\dark_matter_game_engine\dark_matter_game_engine\debug\vc141.pdb
c:\users\chris\documents\visual studio 2017\projects\dark_matter_game_engine\dark_matter_game_engine\debug\vc141.idb
c:\users\chris\documents\visual studio 2017\projects\dark_matter_game_engine\dark_matter_game_engine\debug\meshbase.obj
c:\users\chris\documents\visual studio 2017\projects\dark_matter_game_engine\dark_matter_game_engine\debug\cube.obj
c:\users\chris\documents\visual studio 2017\projects\dark_matter_game_engine\dark_matter_game_engine\debug\main.obj
c:\users\chris\documents\visual studio 2017\projects\dark_matter_game_engine\dark_matter_game_engine\debug\mouse.obj
c:\users\chris\documents\visual studio 2017\projects\dark_matter_game_engine\dark_matter_game_engine\debug\keyboard.obj
c:\users\chris\documents\visual studio 2017\projects\dark_matter_game_engine\dark_matter_game_engine\debug\multboxes.obj
c:\users\chris\documents\visual studio 2017\projects\dark_matter_game_engine\dark_matter_game_engine\debug\coloredcube.obj
c:\users\chris\documents\visual studio 2017\projects\dark_matter_game_engine\dark_matter_game_engine\debug\gameobjman.obj
c:\users\chris\documents\visual studio 2017\projects\dark_matter_game_engine\dark_matter_game_engine\debug\gameobjfactory.obj
c:\users\chris\documents\visual studio 2017\projects\dark_matter_game_engine\dark_matter_game_engine\debug\gamemain.obj
c:\users\chris\documents\visual studio 2017\projects\dark_matter_game_engine\dark_matter_game_engine\debug\shadermanager.obj
c:\users\chris\documents\visual studio 2017\projects\dark_matter_game_engine\dark_matter_game_engine\debug\shader.obj
c:\users\chris\documents\visual studio 2017\projects\dark_matter_game_engine\dark_matter_game_engine\debug\camera.obj
c:\users\chris\documents\visual studio 2017\projects\dark_matter_game_engine\debug\dark_matter_game_engine.ilk
c:\users\chris\documents\visual studio 2017\projects\dark_matter_game_engine\debug\dark_matter_game_engine.exe
c:\users\chris\documents\visual studio 2017\projects\dark_matter_game_engine\debug\dark_matter_game_engine.pdb
c:\users\chris\documents\visual studio 2017\projects\dark_matter_game_engine\dark_matter_game_engine\debug\dark_mat.510c19c0.tlog\cl.command.1.tlog
c:\users\chris\documents\visual studio 2017\projects\dark_matter_game_engine\dark_matter_game_engine\debug\dark_mat.510c19c0.tlog\cl.read.1.tlog
c:\users\chris\documents\visual studio 2017\projects\dark_matter_game_engine\dark_matter_game_engine\debug\dark_mat.510c19c0.tlog\cl.write.1.tlog
c:\users\chris\documents\visual studio 2017\projects\dark_matter_game_engine\dark_matter_game_engine\debug\dark_mat.510c19c0.tlog\link.command.1.tlog
c:\users\chris\documents\visual studio 2017\projects\dark_matter_game_engine\dark_matter_game_engine\debug\dark_mat.510c19c0.tlog\link.read.1.tlog
c:\users\chris\documents\visual studio 2017\projects\dark_matter_game_engine\dark_matter_game_engine\debug\dark_mat.510c19c0.tlog\link.write.1.tlog
